#
# A fatal error has been detected by the Java Runtime Environment:
#
#  Internal Error (javaClasses.cpp:127), pid=8244, tid=7220
#  fatal error: Invalid layout of preloaded class
#
# JRE version:  (8.0_45-b14) (build )
# Java VM: Java HotSpot(TM) 64-Bit Server VM (25.45-b02 mixed mode windows-amd64 compressed oops)
# Failed to write core dump. Minidumps are not enabled by default on client versions of Windows
#
# If you would like to submit a bug report, please visit:
#   http://bugreport.java.com/bugreport/crash.jsp
#

---------------  T H R E A D  ---------------

Current thread (0x000000000023e000):  JavaThread "Unknown thread" [_thread_in_vm, id=7220, stack(0x0000000002730000,0x0000000002830000)]

Stack: [0x0000000002730000,0x0000000002830000]
Native frames: (J=compiled Java code, j=interpreted, Vv=VM code, C=native code)
V  [jvm.dll+0x32b57a]
V  [jvm.dll+0x279873]
V  [jvm.dll+0x27a509]
V  [jvm.dll+0x2717a6]
V  [jvm.dll+0x68183]
V  [jvm.dll+0x68273]
V  [jvm.dll+0x7d74a]
V  [jvm.dll+0x7dab6]
V  [jvm.dll+0xf2157]
V  [jvm.dll+0xf24e6]
V  [jvm.dll+0x20f097]
V  [jvm.dll+0x240e0a]
V  [jvm.dll+0x15ba41]
C  [javaw.exe+0x217e]
C  [javaw.exe+0xcd17]
C  [javaw.exe+0xcdab]
C  [kernel32.dll+0x159cd]
C  [ntdll.dll+0x2b891]


---------------  P R O C E S S  ---------------

Java Threads: ( => current thread )

Other Threads:

=>0x000000000023e000 (exited) JavaThread "Unknown thread" [_thread_in_vm, id=7220, stack(0x0000000002730000,0x0000000002830000)]

VM state:not at safepoint (not fully initialized)

VM Mutex/Monitor currently owned by a thread: None

GC Heap History (0 events):
No events

Deoptimization events (0 events):
No events

Internal exceptions (0 events):
No events

Events (10 events):
Event: 0.010 loading class java/lang/CharSequence done
Event: 0.010 loading class java/lang/String done
Event: 0.010 loading class java/lang/Class
Event: 0.010 loading class java/lang/reflect/AnnotatedElement
Event: 0.010 loading class java/lang/reflect/AnnotatedElement done
Event: 0.010 loading class java/lang/reflect/GenericDeclaration
Event: 0.010 loading class java/lang/reflect/GenericDeclaration done
Event: 0.010 loading class java/lang/reflect/Type
Event: 0.010 loading class java/lang/reflect/Type done
Event: 0.010 loading class java/lang/Class done


Dynamic libraries:
0x000000013f3e0000 - 0x000000013f417000 	D:\Program Files\Java\jre1.8.0_45\bin\javaw.exe
0x0000000077000000 - 0x00000000771a8000 	C:\Windows\SYSTEM32\ntdll.dll
0x0000000076c20000 - 0x0000000076d3f000 	C:\Windows\system32\kernel32.dll
0x000007fefd630000 - 0x000007fefd69c000 	C:\Windows\system32\KERNELBASE.dll
0x000007fefe580000 - 0x000007fefe65b000 	C:\Windows\system32\ADVAPI32.dll
0x000007feff0b0000 - 0x000007feff14f000 	C:\Windows\system32\msvcrt.dll
0x000007fefecb0000 - 0x000007fefeccf000 	C:\Windows\SYSTEM32\sechost.dll
0x000007fefeb50000 - 0x000007fefec7d000 	C:\Windows\system32\RPCRT4.dll
0x0000000076900000 - 0x00000000769fa000 	C:\Windows\system32\USER32.dll
0x000007fefd6f0000 - 0x000007fefd757000 	C:\Windows\system32\GDI32.dll
0x000007fefe570000 - 0x000007fefe57e000 	C:\Windows\system32\LPK.dll
0x000007fefe840000 - 0x000007fefe909000 	C:\Windows\system32\USP10.dll
0x000007fefba50000 - 0x000007fefbc44000 	C:\Windows\WinSxS\amd64_microsoft.windows.common-controls_6595b64144ccf1df_6.0.7601.18837_none_fa3b1e3d17594757\COMCTL32.dll
0x000007feff150000 - 0x000007feff1c1000 	C:\Windows\system32\SHLWAPI.dll
0x000007fefec80000 - 0x000007fefecae000 	C:\Windows\system32\IMM32.DLL
0x000007fefea20000 - 0x000007fefeb29000 	C:\Windows\system32\MSCTF.dll
0x0000000078bf0000 - 0x0000000078cc2000 	D:\Program Files\Java\jre1.8.0_45\bin\msvcr100.dll
0x000000005cc70000 - 0x000000005d4f3000 	D:\Program Files\Java\jre1.8.0_45\bin\server\jvm.dll
0x000007fef52e0000 - 0x000007fef52e9000 	C:\Windows\system32\WSOCK32.dll
0x000007fefd6a0000 - 0x000007fefd6ed000 	C:\Windows\system32\WS2_32.dll
0x000007fefe910000 - 0x000007fefe918000 	C:\Windows\system32\NSI.dll
0x000007fefd3d0000 - 0x000007fefd40b000 	C:\Windows\system32\WINMM.dll
0x000007fefc370000 - 0x000007fefc37c000 	C:\Windows\system32\VERSION.dll
0x00000000771d0000 - 0x00000000771d7000 	C:\Windows\system32\PSAPI.DLL
0x0000000071660000 - 0x000000007166f000 	D:\Program Files\Java\jre1.8.0_45\bin\verify.dll
0x0000000071260000 - 0x0000000071289000 	D:\Program Files\Java\jre1.8.0_45\bin\java.dll
0x0000000071240000 - 0x0000000071256000 	D:\Program Files\Java\jre1.8.0_45\bin\zip.dll
0x000007fef2fb0000 - 0x000007fef30d5000 	C:\Windows\system32\dbghelp.dll

VM Arguments:
jvm_args: -Dfile.encoding=UTF-8 -Xbootclasspath:D:\adt-bundle-windows-x86_64-20140702\sdk\platforms\android-17\android.jar 
java_command: com.mwl.bluemembers.utils.Cn2Spell
java_class_path (initial): D:\Android_project\porject\BLUEmembers\bin\classes;D:\Android_project\porject\BLUEmembers\libs\pinyin4j-2.5.0.jar;D:\Android_project\porject\BLUEmembers\libs\xUtils-2.6.14.jar;D:\Android_project\porject\appcompat_v7\libs\android-support-v4.jar;D:\Android_project\porject\BLUEmembers\libs\locSDK_5.2.jar;D:\Android_project\porject\BLUEmembers\libs\baidumapapi_v3_5_0.jar;D:\Android_project\porject\appcompat_v7\libs\android-support-v7-appcompat.jar;D:\Android_project\porject\BLUEmembers\libs\zxing.jar;D:\Android_project\porject\BLUEmembers\libs\gson-2.2.4.jar;D:\Android_project\porject\appcompat_v7\bin\appcompat_v7.jar
Launcher Type: SUN_STANDARD

Environment Variables:
JAVA_HOME=D:\Program Files\Java\jdk1.8.0_45;
PATH=D:/Program Files/Java/jre1.8.0_45/bin/server;D:/Program Files/Java/jre1.8.0_45/bin;D:/Program Files/Java/jre1.8.0_45/lib/amd64;C:\ProgramData\Oracle\Java\javapath;C:\Windows\system32;C:\Windows;C:\Windows\System32\Wbem;C:\Windows\System32\WindowsPowerShell\v1.0\;D:\Program Files\Java;;C:\Program Files (x86)\NVIDIA Corporation\PhysX\Common;D:\Program Files\TortoiseSVN\bin;D:\Program Files\Java\jdk1.8.0_45;\bin;D:\Program Files\Java\jdk1.8.0_45;\jre\bin;;D:\adt-bundle-windows-x86_64-20140702\eclipse;
USERNAME=Administrator
OS=Windows_NT
PROCESSOR_IDENTIFIER=Intel64 Family 6 Model 60 Stepping 3, GenuineIntel



---------------  S Y S T E M  ---------------

OS: Windows 7 , 64 bit Build 7601 (6.1.7601.18847)

CPU:total 8 (4 cores per cpu, 2 threads per core) family 6 model 60 stepping 3, cmov, cx8, fxsr, mmx, sse, sse2, sse3, ssse3, sse4.1, sse4.2, popcnt, avx, avx2, aes, clmul, erms, rtm, lzcnt, ht, tsc, tscinvbit, bmi1, bmi2

Memory: 4k page, physical 8346812k(1904272k free), swap 16691772k(6712436k free)

vm_info: Java HotSpot(TM) 64-Bit Server VM (25.45-b02) for windows-amd64 JRE (1.8.0_45-b14), built on Apr 10 2015 10:34:15 by "java_re" with MS VC++ 10.0 (VS2010)

time: Mon Jun 22 20:08:11 2015
elapsed time: 0 seconds (0d 0h 0m 0s)

